<?xml version="1.0" encoding="UTF-8"?>
<!-- Generated by org.testng.reporters.JUnitXMLReporter -->
<testsuite ignored="0" hostname="TYSS-Apoorva" failures="0" tests="5" name="Test" time="25.005" errors="0" timestamp="2024-02-15T17:51:52 IST">
  <testcase classname="system.Tc_tourist_001_Test" name="a" time="7.472"/>
  <testcase classname="system.Tc_tourist_002_Test" name="b" time="4.128"/>
  <testcase classname="system.Tc_tourist_003_Test" name="c" time="3.532"/>
  <testcase classname="system.Tc_tourist_004_Test" name="d" time="5.218"/>
  <testcase classname="system.Tc_tourist_005_Test" name="e" time="4.595"/>
</testsuite> <!-- Test -->
