<?xml version="1.0" encoding="UTF-8"?>
<testng-results ignored="0" total="5" passed="5" failed="0" skipped="0">
  <reporter-output>
  </reporter-output>
  <suite started-at="2024-02-15T17:51:27 IST" name="Suite" finished-at="2024-02-15T17:51:52 IST" duration-ms="25005">
    <groups>
    </groups>
    <test started-at="2024-02-15T17:51:27 IST" name="Test" finished-at="2024-02-15T17:51:52 IST" duration-ms="25005">
      <class name="system.Tc_tourist_001_Test">
        <test-method signature="a()[pri:0, instance:system.Tc_tourist_001_Test@6bedbc4d]" started-at="2024-02-15T17:51:27 IST" name="a" finished-at="2024-02-15T17:51:34 IST" duration-ms="7472" status="PASS">
          <reporter-output>
          </reporter-output>
        </test-method> <!-- a -->
      </class> <!-- system.Tc_tourist_001_Test -->
      <class name="system.Tc_tourist_003_Test">
        <test-method signature="c()[pri:0, instance:system.Tc_tourist_003_Test@d29f28]" started-at="2024-02-15T17:51:38 IST" name="c" finished-at="2024-02-15T17:51:42 IST" duration-ms="3532" status="PASS">
          <reporter-output>
          </reporter-output>
        </test-method> <!-- c -->
      </class> <!-- system.Tc_tourist_003_Test -->
      <class name="system.Tc_tourist_004_Test">
        <test-method signature="d()[pri:0, instance:system.Tc_tourist_004_Test@2fd1433e]" started-at="2024-02-15T17:51:42 IST" name="d" finished-at="2024-02-15T17:51:47 IST" duration-ms="5218" status="PASS">
          <reporter-output>
          </reporter-output>
        </test-method> <!-- d -->
      </class> <!-- system.Tc_tourist_004_Test -->
      <class name="system.Tc_tourist_005_Test">
        <test-method signature="e()[pri:0, instance:system.Tc_tourist_005_Test@29d89d5d]" started-at="2024-02-15T17:51:47 IST" name="e" finished-at="2024-02-15T17:51:52 IST" duration-ms="4595" status="PASS">
          <reporter-output>
          </reporter-output>
        </test-method> <!-- e -->
      </class> <!-- system.Tc_tourist_005_Test -->
      <class name="system.Tc_tourist_002_Test">
        <test-method signature="b()[pri:0, instance:system.Tc_tourist_002_Test@932bc4a]" started-at="2024-02-15T17:51:34 IST" name="b" finished-at="2024-02-15T17:51:38 IST" duration-ms="4128" status="PASS">
          <reporter-output>
          </reporter-output>
        </test-method> <!-- b -->
      </class> <!-- system.Tc_tourist_002_Test -->
    </test> <!-- Test -->
  </suite> <!-- Suite -->
</testng-results>
